[12:25:48] [INFO] : 各模块导入正常。
[12:25:48] [DEBUG] : 全局变量 temp window 声明完毕。
[12:25:48] [DEBUG] : 项目管理器实例化成功。
[12:25:48] [DEBUG] : 项目管理器：成功加载本地存储的项目数据。
[12:25:48] [DEBUG] : 项目管理器：索引编制完毕。
[12:25:48] [DEBUG] : 项目管理器：项目库已存储至文件。
[12:25:48] [DEBUG] : 方法：刷新 GUI 显示的项目库。
[12:25:48] [DEBUG] : 全局变量 window 声明完毕。
[12:25:48] [INFO] : GUI 显示的项目库刷新完毕。
[12:25:49] [INFO] : FFM 进入逻辑循环，现在是您的主场。
[12:26:24] [DEBUG] : 项目管理器：新项目已添加至项目库：C:/Users/sweet/Desktop/FCL logo.png 。
[12:26:24] [DEBUG] : 项目管理器：索引编制完毕。
[12:26:24] [DEBUG] : 项目管理器：项目库已存储至文件。
[12:26:24] [DEBUG] : 项目管理器：新项目已添加至项目库：C:/Users/sweet/Desktop/FCM logo.png 。
[12:26:24] [DEBUG] : 项目管理器：索引编制完毕。
[12:26:24] [DEBUG] : 项目管理器：项目库已存储至文件。
[12:26:24] [DEBUG] : 项目管理器：新项目已添加至项目库：C:/Users/sweet/Desktop/FFM logo.png 。
[12:26:24] [DEBUG] : 项目管理器：索引编制完毕。
[12:26:24] [DEBUG] : 项目管理器：项目库已存储至文件。
[12:26:24] [DEBUG] : 项目管理器：新项目已添加至项目库：C:/Users/sweet/Desktop/FIG logo.png 。
[12:26:24] [DEBUG] : 项目管理器：索引编制完毕。
[12:26:24] [DEBUG] : 项目管理器：项目库已存储至文件。
[12:26:34] [DEBUG] : 方法：刷新 GUI 显示的项目库。
[12:26:34] [DEBUG] : 全局变量 window 声明完毕。
[12:26:34] [INFO] : GUI 显示的项目库刷新完毕。
[12:45:23] [DEBUG] : 方法：刷新 GUI 显示的项目库。
[12:45:23] [DEBUG] : 全局变量 window 声明完毕。
[12:45:23] [INFO] : GUI 显示的项目库刷新完毕。
[12:58:14] [INFO] : 逻辑循环已经退出，正在保存项目库至文件。
[12:58:14] [DEBUG] : 项目管理器：项目库已存储至文件。
[12:58:14] [INFO] : 进程结束，感谢使用。
[12:58:14] [INFO] : ——帆式文件管理器 | Fan File Manager
[12:58:14] [INFO] : ——作者/Made by 芒果帆帆/MangoFanFan
